{
  "RSpec": {
    "coverage": {
      "/Users/plato/Projects/Play/conways-game/lib/cell.rb": [
        1,
        1,
        1,
        2,
        2,
        null,
        null,
        1,
        null,
        null,
        3,
        null,
        null,
        1,
        1,
        null,
        null
      ],
      "/Users/plato/Projects/Play/conways-game/spec/game_spec.rb": [
        1,
        1,
        null,
        1,
        1,
        0,
        null,
        null
      ],
      "/Users/plato/Projects/Play/conways-game/lib/game.rb": [
        1,
        null
      ]
    },
    "timestamp": 1451432377
  }
}
